# JRE version: Java(TM) SE Runtime Environment 18.9 (11.0.15+8) (build 11.0.15+8-LTS-149)
# Java VM: Java HotSpot(TM) 64-Bit Server VM 18.9 (11.0.15+8-LTS-149, mixed mode, tiered, compressed oops, g1 gc, windows-amd64)
Heap:
 garbage-first heap   total 262144K, used 13642K [0x0000000701a00000, 0x0000000800000000)
  region size 1024K, 6 young (6144K), 5 survivors (5120K)
 Metaspace       used 23503K, capacity 23900K, committed 24112K, reserved 1085440K
  class space    used 2545K, capacity 2676K, committed 2688K, reserved 1048576K
GC Heap History (6 events):
Event: 0.556 GC heap before
{Heap before GC invocations=0 (full 0):
 garbage-first heap   total 262144K, used 27648K [0x0000000701a00000, 0x0000000800000000)
  region size 1024K, 24 young (24576K), 0 survivors (0K)
 Metaspace       used 12128K, capacity 12214K, committed 12544K, reserved 1060864K
  class space    used 1148K, capacity 1175K, committed 1280K, reserved 1048576K
}
Event: 0.559 GC heap after
{Heap after GC invocations=1 (full 0):
 garbage-first heap   total 262144K, used 6037K [0x0000000701a00000, 0x0000000800000000)
  region size 1024K, 3 young (3072K), 3 survivors (3072K)
 Metaspace       used 12128K, capacity 12214K, committed 12544K, reserved 1060864K
  class space    used 1148K, capacity 1175K, committed 1280K, reserved 1048576K
}
Event: 1.281 GC heap before
{Heap before GC invocations=1 (full 0):
 garbage-first heap   total 262144K, used 43925K [0x0000000701a00000, 0x0000000800000000)
  region size 1024K, 41 young (41984K), 3 survivors (3072K)
 Metaspace       used 20892K, capacity 21139K, committed 21296K, reserved 1069056K
  class space    used 2236K, capacity 2348K, committed 2432K, reserved 1048576K
}
Event: 1.290 GC heap after
{Heap after GC invocations=2 (full 0):
 garbage-first heap   total 262144K, used 9403K [0x0000000701a00000, 0x0000000800000000)
  region size 1024K, 7 young (7168K), 7 survivors (7168K)
 Metaspace       used 20892K, capacity 21139K, committed 21296K, reserved 1069056K
  class space    used 2236K, capacity 2348K, committed 2432K, reserved 1048576K
}
Event: 1.413 GC heap before
{Heap before GC invocations=3 (full 0):
 garbage-first heap   total 262144K, used 13499K [0x0000000701a00000, 0x0000000800000000)
  region size 1024K, 12 young (12288K), 7 survivors (7168K)
 Metaspace       used 22825K, capacity 23159K, committed 23344K, reserved 1077248K
  class space    used 2466K, capacity 2598K, committed 2688K, reserved 1048576K
}
Event: 1.418 GC heap after
{Heap after GC invocations=4 (full 0):
 garbage-first heap   total 262144K, used 10706K [0x0000000701a00000, 0x0000000800000000)
  region size 1024K, 5 young (5120K), 5 survivors (5120K)
 Metaspace       used 22825K, capacity 23159K, committed 23344K, reserved 1077248K
  class space    used 2466K, capacity 2598K, committed 2688K, reserved 1048576K
}

