# JRE version: Java(TM) SE Runtime Environment 18.9 (11.0.15+8) (build 11.0.15+8-LTS-149)
# Java VM: Java HotSpot(TM) 64-Bit Server VM 18.9 (11.0.15+8-LTS-149, mixed mode, tiered, compressed oops, g1 gc, windows-amd64)
Heap:
 garbage-first heap   total 262144K, used 99669K [0x0000000080000000, 0x0000000100000000)
  region size 1024K, 67 young (68608K), 16 survivors (16384K)
 Metaspace       used 71587K, capacity 73913K, committed 74148K, reserved 581632K
  class space    used 9599K, capacity 10541K, committed 10588K, reserved 516096K
GC Heap History (10 events):
Event: 4.810 GC heap before
{Heap before GC invocations=6 (full 0):
 garbage-first heap   total 262144K, used 65869K [0x0000000080000000, 0x0000000100000000)
  region size 1024K, 50 young (51200K), 4 survivors (4096K)
 Metaspace       used 34829K, capacity 35629K, committed 35708K, reserved 548864K
  class space    used 4546K, capacity 4864K, committed 4864K, reserved 516096K
}
Event: 4.815 GC heap after
{Heap after GC invocations=7 (full 0):
 garbage-first heap   total 262144K, used 22702K [0x0000000080000000, 0x0000000100000000)
  region size 1024K, 7 young (7168K), 7 survivors (7168K)
 Metaspace       used 34829K, capacity 35629K, committed 35708K, reserved 548864K
  class space    used 4546K, capacity 4864K, committed 4864K, reserved 516096K
}
Event: 7.890 GC heap before
{Heap before GC invocations=8 (full 0):
 garbage-first heap   total 262144K, used 137390K [0x0000000080000000, 0x0000000100000000)
  region size 1024K, 116 young (118784K), 7 survivors (7168K)
 Metaspace       used 43196K, capacity 44368K, committed 44488K, reserved 555008K
  class space    used 5524K, capacity 6002K, committed 6016K, reserved 516096K
}
Event: 7.900 GC heap after
{Heap after GC invocations=9 (full 0):
 garbage-first heap   total 262144K, used 31342K [0x0000000080000000, 0x0000000100000000)
  region size 1024K, 15 young (15360K), 15 survivors (15360K)
 Metaspace       used 43196K, capacity 44368K, committed 44488K, reserved 555008K
  class space    used 5524K, capacity 6002K, committed 6016K, reserved 516096K
}
Event: 9.418 GC heap before
{Heap before GC invocations=9 (full 0):
 garbage-first heap   total 262144K, used 176750K [0x0000000080000000, 0x0000000100000000)
  region size 1024K, 153 young (156672K), 15 survivors (15360K)
 Metaspace       used 54033K, capacity 55607K, committed 55752K, reserved 565248K
  class space    used 7142K, capacity 7795K, committed 7808K, reserved 516096K
}
Event: 9.435 GC heap after
{Heap after GC invocations=10 (full 0):
 garbage-first heap   total 262144K, used 41858K [0x0000000080000000, 0x0000000100000000)
  region size 1024K, 15 young (15360K), 15 survivors (15360K)
 Metaspace       used 54033K, capacity 55607K, committed 55752K, reserved 565248K
  class space    used 7142K, capacity 7795K, committed 7808K, reserved 516096K
}
Event: 9.958 GC heap before
{Heap before GC invocations=10 (full 0):
 garbage-first heap   total 262144K, used 99202K [0x0000000080000000, 0x0000000100000000)
  region size 1024K, 72 young (73728K), 15 survivors (15360K)
 Metaspace       used 58296K, capacity 59956K, committed 60068K, reserved 569344K
  class space    used 7754K, capacity 8477K, committed 8540K, reserved 516096K
}
Event: 9.968 GC heap after
{Heap after GC invocations=11 (full 0):
 garbage-first heap   total 262144K, used 44091K [0x0000000080000000, 0x0000000100000000)
  region size 1024K, 10 young (10240K), 10 survivors (10240K)
 Metaspace       used 58296K, capacity 59956K, committed 60068K, reserved 569344K
  class space    used 7754K, capacity 8477K, committed 8540K, reserved 516096K
}
Event: 11.392 GC heap before
{Heap before GC invocations=12 (full 0):
 garbage-first heap   total 262144K, used 174139K [0x0000000080000000, 0x0000000100000000)
  region size 1024K, 137 young (140288K), 10 survivors (10240K)
 Metaspace       used 66467K, capacity 68497K, committed 68772K, reserved 575488K
  class space    used 8887K, capacity 9761K, committed 9820K, reserved 516096K
}
Event: 11.403 GC heap after
{Heap after GC invocations=13 (full 0):
 garbage-first heap   total 262144K, used 49493K [0x0000000080000000, 0x0000000100000000)
  region size 1024K, 16 young (16384K), 16 survivors (16384K)
 Metaspace       used 66467K, capacity 68497K, committed 68772K, reserved 575488K
  class space    used 8887K, capacity 9761K, committed 9820K, reserved 516096K
}

