# JRE version: OpenJDK Runtime Environment (8.0_292-b10) (build 1.8.0_292-b10)
# Java VM: OpenJDK 64-Bit Server VM (25.292-b10 mixed mode windows-amd64 compressed oops)
Heap:
 PSYoungGen      total 312832K, used 41649K [0x00000000d5580000, 0x00000000ea100000, 0x0000000100000000)
  eden space 287744K, 14% used [0x00000000d5580000,0x00000000d7e2c488,0x00000000e6e80000)
  from space 25088K, 0% used [0x00000000e8780000,0x00000000e8780000,0x00000000ea000000)
  to   space 25600K, 0% used [0x00000000e6e80000,0x00000000e6e80000,0x00000000e8780000)
 ParOldGen       total 216064K, used 31647K [0x0000000080000000, 0x000000008d300000, 0x00000000d5580000)
  object space 216064K, 14% used [0x0000000080000000,0x0000000081ee7c68,0x000000008d300000)
 Metaspace       used 78898K, capacity 83622K, committed 84992K, reserved 1122304K
  class space    used 11060K, capacity 11924K, committed 12288K, reserved 1048576K
GC Heap History (10 events):
Event: 11.681 GC heap before
{Heap before GC invocations=14 (full 3):
 PSYoungGen      total 212992K, used 197120K [0x00000000d5580000, 0x00000000e5200000, 0x0000000100000000)
  eden space 197120K, 100% used [0x00000000d5580000,0x00000000e1600000,0x00000000e1600000)
  from space 15872K, 0% used [0x00000000e2980000,0x00000000e2980000,0x00000000e3900000)
  to   space 19968K, 0% used [0x00000000e1600000,0x00000000e1600000,0x00000000e2980000)
 ParOldGen       total 216064K, used 33897K [0x0000000080000000, 0x000000008d300000, 0x00000000d5580000)
  object space 216064K, 15% used [0x0000000080000000,0x000000008211a548,0x000000008d300000)
 Metaspace       used 65496K, capacity 68920K, committed 69248K, reserved 1107968K
  class space    used 9343K, capacity 10000K, committed 10112K, reserved 1048576K
Event: 11.693 GC heap after
Heap after GC invocations=14 (full 3):
 PSYoungGen      total 217088K, used 13932K [0x00000000d5580000, 0x00000000e6b80000, 0x0000000100000000)
  eden space 197120K, 0% used [0x00000000d5580000,0x00000000d5580000,0x00000000e1600000)
  from space 19968K, 69% used [0x00000000e1600000,0x00000000e239b218,0x00000000e2980000)
  to   space 20480K, 0% used [0x00000000e5780000,0x00000000e5780000,0x00000000e6b80000)
 ParOldGen       total 216064K, used 33905K [0x0000000080000000, 0x000000008d300000, 0x00000000d5580000)
  object space 216064K, 15% used [0x0000000080000000,0x000000008211c548,0x000000008d300000)
 Metaspace       used 65496K, capacity 68920K, committed 69248K, reserved 1107968K
  class space    used 9343K, capacity 10000K, committed 10112K, reserved 1048576K
}
Event: 30.745 GC heap before
{Heap before GC invocations=15 (full 3):
 PSYoungGen      total 217088K, used 211052K [0x00000000d5580000, 0x00000000e6b80000, 0x0000000100000000)
  eden space 197120K, 100% used [0x00000000d5580000,0x00000000e1600000,0x00000000e1600000)
  from space 19968K, 69% used [0x00000000e1600000,0x00000000e239b218,0x00000000e2980000)
  to   space 20480K, 0% used [0x00000000e5780000,0x00000000e5780000,0x00000000e6b80000)
 ParOldGen       total 216064K, used 33905K [0x0000000080000000, 0x000000008d300000, 0x00000000d5580000)
  object space 216064K, 15% used [0x0000000080000000,0x000000008211c548,0x000000008d300000)
 Metaspace       used 73936K, capacity 78456K, committed 78592K, reserved 1116160K
  class space    used 10613K, capacity 11428K, committed 11520K, reserved 1048576K
Event: 30.759 GC heap after
Heap after GC invocations=15 (full 3):
 PSYoungGen      total 256512K, used 19853K [0x00000000d5580000, 0x00000000e6b00000, 0x0000000100000000)
  eden space 236544K, 0% used [0x00000000d5580000,0x00000000d5580000,0x00000000e3c80000)
  from space 19968K, 99% used [0x00000000e5780000,0x00000000e6ae3710,0x00000000e6b00000)
  to   space 22528K, 0% used [0x00000000e3f00000,0x00000000e3f00000,0x00000000e5500000)
 ParOldGen       total 216064K, used 33913K [0x0000000080000000, 0x000000008d300000, 0x00000000d5580000)
  object space 216064K, 15% used [0x0000000080000000,0x000000008211e548,0x000000008d300000)
 Metaspace       used 73936K, capacity 78456K, committed 78592K, reserved 1116160K
  class space    used 10613K, capacity 11428K, committed 11520K, reserved 1048576K
}
Event: 31.871 GC heap before
{Heap before GC invocations=16 (full 3):
 PSYoungGen      total 256512K, used 256397K [0x00000000d5580000, 0x00000000e6b00000, 0x0000000100000000)
  eden space 236544K, 100% used [0x00000000d5580000,0x00000000e3c80000,0x00000000e3c80000)
  from space 19968K, 99% used [0x00000000e5780000,0x00000000e6ae3710,0x00000000e6b00000)
  to   space 22528K, 0% used [0x00000000e3f00000,0x00000000e3f00000,0x00000000e5500000)
 ParOldGen       total 216064K, used 33913K [0x0000000080000000, 0x000000008d300000, 0x00000000d5580000)
  object space 216064K, 15% used [0x0000000080000000,0x000000008211e548,0x000000008d300000)
 Metaspace       used 77783K, capacity 82820K, committed 83072K, reserved 1120256K
  class space    used 11121K, capacity 12057K, committed 12160K, reserved 1048576K
Event: 31.886 GC heap after
Heap after GC invocations=16 (full 3):
 PSYoungGen      total 261632K, used 20440K [0x00000000d5580000, 0x00000000ea000000, 0x0000000100000000)
  eden space 239104K, 0% used [0x00000000d5580000,0x00000000d5580000,0x00000000e3f00000)
  from space 22528K, 90% used [0x00000000e3f00000,0x00000000e52f60e8,0x00000000e5500000)
  to   space 25088K, 0% used [0x00000000e8780000,0x00000000e8780000,0x00000000ea000000)
 ParOldGen       total 216064K, used 33921K [0x0000000080000000, 0x000000008d300000, 0x00000000d5580000)
  object space 216064K, 15% used [0x0000000080000000,0x0000000082120548,0x000000008d300000)
 Metaspace       used 77783K, capacity 82820K, committed 83072K, reserved 1120256K
  class space    used 11121K, capacity 12057K, committed 12160K, reserved 1048576K
}
Event: 3610.424 GC heap before
{Heap before GC invocations=17 (full 3):
 PSYoungGen      total 261632K, used 215605K [0x00000000d5580000, 0x00000000ea000000, 0x0000000100000000)
  eden space 239104K, 81% used [0x00000000d5580000,0x00000000e1417648,0x00000000e3f00000)
  from space 22528K, 90% used [0x00000000e3f00000,0x00000000e52f60e8,0x00000000e5500000)
  to   space 25088K, 0% used [0x00000000e8780000,0x00000000e8780000,0x00000000ea000000)
 ParOldGen       total 216064K, used 33921K [0x0000000080000000, 0x000000008d300000, 0x00000000d5580000)
  object space 216064K, 15% used [0x0000000080000000,0x0000000082120548,0x000000008d300000)
 Metaspace       used 79458K, capacity 84704K, committed 84992K, reserved 1122304K
  class space    used 11187K, capacity 12163K, committed 12288K, reserved 1048576K
Event: 3610.491 GC heap after
Heap after GC invocations=17 (full 3):
 PSYoungGen      total 312832K, used 18416K [0x00000000d5580000, 0x00000000ea100000, 0x0000000100000000)
  eden space 287744K, 0% used [0x00000000d5580000,0x00000000d5580000,0x00000000e6e80000)
  from space 25088K, 73% used [0x00000000e8780000,0x00000000e997c050,0x00000000ea000000)
  to   space 25600K, 0% used [0x00000000e6e80000,0x00000000e6e80000,0x00000000e8780000)
 ParOldGen       total 216064K, used 33929K [0x0000000080000000, 0x000000008d300000, 0x00000000d5580000)
  object space 216064K, 15% used [0x0000000080000000,0x0000000082122548,0x000000008d300000)
 Metaspace       used 79458K, capacity 84704K, committed 84992K, reserved 1122304K
  class space    used 11187K, capacity 12163K, committed 12288K, reserved 1048576K
}
Event: 3610.491 GC heap before
{Heap before GC invocations=18 (full 4):
 PSYoungGen      total 312832K, used 18416K [0x00000000d5580000, 0x00000000ea100000, 0x0000000100000000)
  eden space 287744K, 0% used [0x00000000d5580000,0x00000000d5580000,0x00000000e6e80000)
  from space 25088K, 73% used [0x00000000e8780000,0x00000000e997c050,0x00000000ea000000)
  to   space 25600K, 0% used [0x00000000e6e80000,0x00000000e6e80000,0x00000000e8780000)
 ParOldGen       total 216064K, used 33929K [0x0000000080000000, 0x000000008d300000, 0x00000000d5580000)
  object space 216064K, 15% used [0x0000000080000000,0x0000000082122548,0x000000008d300000)
 Metaspace       used 79458K, capacity 84704K, committed 84992K, reserved 1122304K
  class space    used 11187K, capacity 12163K, committed 12288K, reserved 1048576K
Event: 3610.759 GC heap after
Heap after GC invocations=18 (full 4):
 PSYoungGen      total 312832K, used 0K [0x00000000d5580000, 0x00000000ea100000, 0x0000000100000000)
  eden space 287744K, 0% used [0x00000000d5580000,0x00000000d5580000,0x00000000e6e80000)
  from space 25088K, 0% used [0x00000000e8780000,0x00000000e8780000,0x00000000ea000000)
  to   space 25600K, 0% used [0x00000000e6e80000,0x00000000e6e80000,0x00000000e8780000)
 ParOldGen       total 216064K, used 31647K [0x0000000080000000, 0x000000008d300000, 0x00000000d5580000)
  object space 216064K, 14% used [0x0000000080000000,0x0000000081ee7c68,0x000000008d300000)
 Metaspace       used 78818K, capacity 83556K, committed 84992K, reserved 1122304K
  class space    used 11046K, capacity 11908K, committed 12288K, reserved 1048576K
}

